<testsuites id="" name="" tests="345" failures="342" skipped="0" errors="0" time="1659.2564519999999">
<testsuite name="smoke\basic-structure.spec.ts" timestamp="2025-11-26T12:11:41.906Z" hostname="smoke" tests="11" failures="11" skipped="0" time="463.266" errors="0">
<testcase name="Smoke Tests - Basic Site Structure › should load / with correct title and structure" classname="smoke\basic-structure.spec.ts" time="35.463">
<failure message="basic-structure.spec.ts:16:9 should load / with correct title and structure" type="FAILURE">
<![CDATA[  [smoke] › smoke\basic-structure.spec.ts:16:9 › Smoke Tests - Basic Site Structure › should load / with correct title and structure 

    Test timeout of 30000ms exceeded.

    Error: page.goto: Test timeout of 30000ms exceeded.
    Call log:
      - navigating to "http://localhost:3000/", waiting until "load"


      15 |   for (const page of pages) {
      16 |     test(`should load ${page.path} with correct title and structure`, async ({ page: testPage }) => {
    > 17 |       const response = await testPage.goto(page.path);
         |                                       ^
      18 |       expect(response?.status()).toBe(200);
      19 |
      20 |       // Проверяем title
        at C:\Users\Viktor\projects\repair-blog\tests\e2e\smoke\basic-structure.spec.ts:17:39

    attachment #1: video (video/webm) ──────────────────────────────────────────────────────────────
    ..\..\test-results\smoke-basic-structure-Smok-ff31e-correct-title-and-structure-smoke\video.webm
    ────────────────────────────────────────────────────────────────────────────────────────────────

    Error Context: ..\..\test-results\smoke-basic-structure-Smok-ff31e-correct-title-and-structure-smoke\error-context.md
]]>
</failure>
<system-out>
<![CDATA[
[[ATTACHMENT|smoke-basic-structure-Smok-ff31e-correct-title-and-structure-smoke\video.webm]]

[[ATTACHMENT|smoke-basic-structure-Smok-ff31e-correct-title-and-structure-smoke\error-context.md]]
]]>
</system-out>
</testcase>
<testcase name="Smoke Tests - Basic Site Structure › should load /en with correct title and structure" classname="smoke\basic-structure.spec.ts" time="35.415">
<failure message="basic-structure.spec.ts:16:9 should load /en with correct title and structure" type="FAILURE">
<![CDATA[  [smoke] › smoke\basic-structure.spec.ts:16:9 › Smoke Tests - Basic Site Structure › should load /en with correct title and structure 

    Test timeout of 30000ms exceeded.

    Error: page.goto: Test timeout of 30000ms exceeded.
    Call log:
      - navigating to "http://localhost:3000/en", waiting until "load"


      15 |   for (const page of pages) {
      16 |     test(`should load ${page.path} with correct title and structure`, async ({ page: testPage }) => {
    > 17 |       const response = await testPage.goto(page.path);
         |                                       ^
      18 |       expect(response?.status()).toBe(200);
      19 |
      20 |       // Проверяем title
        at C:\Users\Viktor\projects\repair-blog\tests\e2e\smoke\basic-structure.spec.ts:17:39

    attachment #1: video (video/webm) ──────────────────────────────────────────────────────────────
    ..\..\test-results\smoke-basic-structure-Smok-f7c2f-correct-title-and-structure-smoke\video.webm
    ────────────────────────────────────────────────────────────────────────────────────────────────

    Error Context: ..\..\test-results\smoke-basic-structure-Smok-f7c2f-correct-title-and-structure-smoke\error-context.md
]]>
</failure>
<system-out>
<![CDATA[
[[ATTACHMENT|smoke-basic-structure-Smok-f7c2f-correct-title-and-structure-smoke\video.webm]]

[[ATTACHMENT|smoke-basic-structure-Smok-f7c2f-correct-title-and-structure-smoke\error-context.md]]
]]>
</system-out>
</testcase>
<testcase name="Smoke Tests - Basic Site Structure › should load /about with correct title and structure" classname="smoke\basic-structure.spec.ts" time="45.903">
<failure message="basic-structure.spec.ts:16:9 should load /about with correct title and structure" type="FAILURE">
<![CDATA[  [smoke] › smoke\basic-structure.spec.ts:16:9 › Smoke Tests - Basic Site Structure › should load /about with correct title and structure 

    Test timeout of 30000ms exceeded.

    Error: page.goto: net::ERR_ABORTED; maybe frame was detached?
    Call log:
      - navigating to "http://localhost:3000/about", waiting until "load"


      15 |   for (const page of pages) {
      16 |     test(`should load ${page.path} with correct title and structure`, async ({ page: testPage }) => {
    > 17 |       const response = await testPage.goto(page.path);
         |                                       ^
      18 |       expect(response?.status()).toBe(200);
      19 |
      20 |       // Проверяем title
        at C:\Users\Viktor\projects\repair-blog\tests\e2e\smoke\basic-structure.spec.ts:17:39

    attachment #1: video (video/webm) ──────────────────────────────────────────────────────────────
    ..\..\test-results\smoke-basic-structure-Smok-b773e-correct-title-and-structure-smoke\video.webm
    ────────────────────────────────────────────────────────────────────────────────────────────────
]]>
</failure>
<system-out>
<![CDATA[
[[ATTACHMENT|smoke-basic-structure-Smok-b773e-correct-title-and-structure-smoke\video.webm]]
]]>
</system-out>
</testcase>
<testcase name="Smoke Tests - Basic Site Structure › should load /en/about with correct title and structure" classname="smoke\basic-structure.spec.ts" time="46.01">
<failure message="basic-structure.spec.ts:16:9 should load /en/about with correct title and structure" type="FAILURE">
<![CDATA[  [smoke] › smoke\basic-structure.spec.ts:16:9 › Smoke Tests - Basic Site Structure › should load /en/about with correct title and structure 

    Test timeout of 30000ms exceeded.

    Error: page.goto: net::ERR_ABORTED; maybe frame was detached?
    Call log:
      - navigating to "http://localhost:3000/en/about", waiting until "load"


      15 |   for (const page of pages) {
      16 |     test(`should load ${page.path} with correct title and structure`, async ({ page: testPage }) => {
    > 17 |       const response = await testPage.goto(page.path);
         |                                       ^
      18 |       expect(response?.status()).toBe(200);
      19 |
      20 |       // Проверяем title
        at C:\Users\Viktor\projects\repair-blog\tests\e2e\smoke\basic-structure.spec.ts:17:39

    attachment #1: video (video/webm) ──────────────────────────────────────────────────────────────
    ..\..\test-results\smoke-basic-structure-Smok-8f760-correct-title-and-structure-smoke\video.webm
    ────────────────────────────────────────────────────────────────────────────────────────────────
]]>
</failure>
<system-out>
<![CDATA[
[[ATTACHMENT|smoke-basic-structure-Smok-8f760-correct-title-and-structure-smoke\video.webm]]
]]>
</system-out>
</testcase>
<testcase name="Smoke Tests - Basic Site Structure › should load /calculators with correct title and structure" classname="smoke\basic-structure.spec.ts" time="35.35">
<failure message="basic-structure.spec.ts:16:9 should load /calculators with correct title and structure" type="FAILURE">
<![CDATA[  [smoke] › smoke\basic-structure.spec.ts:16:9 › Smoke Tests - Basic Site Structure › should load /calculators with correct title and structure 

    Test timeout of 30000ms exceeded.

    Error: page.goto: Test timeout of 30000ms exceeded.
    Call log:
      - navigating to "http://localhost:3000/calculators", waiting until "load"


      15 |   for (const page of pages) {
      16 |     test(`should load ${page.path} with correct title and structure`, async ({ page: testPage }) => {
    > 17 |       const response = await testPage.goto(page.path);
         |                                       ^
      18 |       expect(response?.status()).toBe(200);
      19 |
      20 |       // Проверяем title
        at C:\Users\Viktor\projects\repair-blog\tests\e2e\smoke\basic-structure.spec.ts:17:39

    attachment #1: video (video/webm) ──────────────────────────────────────────────────────────────
    ..\..\test-results\smoke-basic-structure-Smok-1a631-correct-title-and-structure-smoke\video.webm
    ────────────────────────────────────────────────────────────────────────────────────────────────

    Error Context: ..\..\test-results\smoke-basic-structure-Smok-1a631-correct-title-and-structure-smoke\error-context.md
]]>
</failure>
<system-out>
<![CDATA[
[[ATTACHMENT|smoke-basic-structure-Smok-1a631-correct-title-and-structure-smoke\video.webm]]

[[ATTACHMENT|smoke-basic-structure-Smok-1a631-correct-title-and-structure-smoke\error-context.md]]
]]>
</system-out>
</testcase>
<testcase name="Smoke Tests - Basic Site Structure › should load /en/calculators with correct title and structure" classname="smoke\basic-structure.spec.ts" time="35.453">
<failure message="basic-structure.spec.ts:16:9 should load /en/calculators with correct title and structure" type="FAILURE">
<![CDATA[  [smoke] › smoke\basic-structure.spec.ts:16:9 › Smoke Tests - Basic Site Structure › should load /en/calculators with correct title and structure 

    Test timeout of 30000ms exceeded.

    Error: page.goto: Test timeout of 30000ms exceeded.
    Call log:
      - navigating to "http://localhost:3000/en/calculators", waiting until "load"


      15 |   for (const page of pages) {
      16 |     test(`should load ${page.path} with correct title and structure`, async ({ page: testPage }) => {
    > 17 |       const response = await testPage.goto(page.path);
         |                                       ^
      18 |       expect(response?.status()).toBe(200);
      19 |
      20 |       // Проверяем title
        at C:\Users\Viktor\projects\repair-blog\tests\e2e\smoke\basic-structure.spec.ts:17:39

    attachment #1: video (video/webm) ──────────────────────────────────────────────────────────────
    ..\..\test-results\smoke-basic-structure-Smok-1d636-correct-title-and-structure-smoke\video.webm
    ────────────────────────────────────────────────────────────────────────────────────────────────

    Error Context: ..\..\test-results\smoke-basic-structure-Smok-1d636-correct-title-and-structure-smoke\error-context.md
]]>
</failure>
<system-out>
<![CDATA[
[[ATTACHMENT|smoke-basic-structure-Smok-1d636-correct-title-and-structure-smoke\video.webm]]

[[ATTACHMENT|smoke-basic-structure-Smok-1d636-correct-title-and-structure-smoke\error-context.md]]
]]>
</system-out>
</testcase>
<testcase name="Smoke Tests - Basic Site Structure › should load /calculators/budget with correct title and structure" classname="smoke\basic-structure.spec.ts" time="45.987">
<failure message="basic-structure.spec.ts:16:9 should load /calculators/budget with correct title and structure" type="FAILURE">
<![CDATA[  [smoke] › smoke\basic-structure.spec.ts:16:9 › Smoke Tests - Basic Site Structure › should load /calculators/budget with correct title and structure 

    Test timeout of 30000ms exceeded.

    Error: page.goto: net::ERR_ABORTED; maybe frame was detached?
    Call log:
      - navigating to "http://localhost:3000/calculators/budget", waiting until "load"


      15 |   for (const page of pages) {
      16 |     test(`should load ${page.path} with correct title and structure`, async ({ page: testPage }) => {
    > 17 |       const response = await testPage.goto(page.path);
         |                                       ^
      18 |       expect(response?.status()).toBe(200);
      19 |
      20 |       // Проверяем title
        at C:\Users\Viktor\projects\repair-blog\tests\e2e\smoke\basic-structure.spec.ts:17:39

    attachment #1: video (video/webm) ──────────────────────────────────────────────────────────────
    ..\..\test-results\smoke-basic-structure-Smok-fb86d-correct-title-and-structure-smoke\video.webm
    ────────────────────────────────────────────────────────────────────────────────────────────────
]]>
</failure>
<system-out>
<![CDATA[
[[ATTACHMENT|smoke-basic-structure-Smok-fb86d-correct-title-and-structure-smoke\video.webm]]
]]>
</system-out>
</testcase>
<testcase name="Smoke Tests - Basic Site Structure › should load /en/calculators/budget with correct title and structure" classname="smoke\basic-structure.spec.ts" time="45.732">
<failure message="basic-structure.spec.ts:16:9 should load /en/calculators/budget with correct title and structure" type="FAILURE">
<![CDATA[  [smoke] › smoke\basic-structure.spec.ts:16:9 › Smoke Tests - Basic Site Structure › should load /en/calculators/budget with correct title and structure 

    Test timeout of 30000ms exceeded.

    Error: page.goto: net::ERR_ABORTED; maybe frame was detached?
    Call log:
      - navigating to "http://localhost:3000/en/calculators/budget", waiting until "load"


      15 |   for (const page of pages) {
      16 |     test(`should load ${page.path} with correct title and structure`, async ({ page: testPage }) => {
    > 17 |       const response = await testPage.goto(page.path);
         |                                       ^
      18 |       expect(response?.status()).toBe(200);
      19 |
      20 |       // Проверяем title
        at C:\Users\Viktor\projects\repair-blog\tests\e2e\smoke\basic-structure.spec.ts:17:39

    attachment #1: video (video/webm) ──────────────────────────────────────────────────────────────
    ..\..\test-results\smoke-basic-structure-Smok-73bd6-correct-title-and-structure-smoke\video.webm
    ────────────────────────────────────────────────────────────────────────────────────────────────
]]>
</failure>
<system-out>
<![CDATA[
[[ATTACHMENT|smoke-basic-structure-Smok-73bd6-correct-title-and-structure-smoke\video.webm]]
]]>
</system-out>
</testcase>
<testcase name="Smoke Tests - Basic Site Structure › should have clickable navigation links" classname="smoke\basic-structure.spec.ts" time="46.135">
<failure message="basic-structure.spec.ts:41:7 should have clickable navigation links" type="FAILURE">
<![CDATA[  [smoke] › smoke\basic-structure.spec.ts:41:7 › Smoke Tests - Basic Site Structure › should have clickable navigation links 

    Test timeout of 30000ms exceeded.

    Error: page.goto: net::ERR_ABORTED; maybe frame was detached?
    Call log:
      - navigating to "http://localhost:3000/", waiting until "load"


      40 |
      41 |   test('should have clickable navigation links', async ({ page }) => {
    > 42 |     await page.goto('/');
         |                ^
      43 |     
      44 |     // Проверяем основные ссылки в хедере
      45 |     const navLinks = [
        at C:\Users\Viktor\projects\repair-blog\tests\e2e\smoke\basic-structure.spec.ts:42:16

    attachment #1: video (video/webm) ──────────────────────────────────────────────────────────────
    ..\..\test-results\smoke-basic-structure-Smok-b680c--clickable-navigation-links-smoke\video.webm
    ────────────────────────────────────────────────────────────────────────────────────────────────
]]>
</failure>
<system-out>
<![CDATA[
[[ATTACHMENT|smoke-basic-structure-Smok-b680c--clickable-navigation-links-smoke\video.webm]]
]]>
</system-out>
</testcase>
<testcase name="Smoke Tests - Basic Site Structure › should have valid footer links" classname="smoke\basic-structure.spec.ts" time="45.865">
<failure message="basic-structure.spec.ts:66:7 should have valid footer links" type="FAILURE">
<![CDATA[  [smoke] › smoke\basic-structure.spec.ts:66:7 › Smoke Tests - Basic Site Structure › should have valid footer links 

    Test timeout of 30000ms exceeded.

    Error: page.goto: net::ERR_ABORTED; maybe frame was detached?
    Call log:
      - navigating to "http://localhost:3000/", waiting until "load"


      65 |
      66 |   test('should have valid footer links', async ({ page }) => {
    > 67 |     await page.goto('/');
         |                ^
      68 |     
      69 |     // Проверяем ссылки в футере
      70 |     const footerLinks = page.locator('footer a');
        at C:\Users\Viktor\projects\repair-blog\tests\e2e\smoke\basic-structure.spec.ts:67:16

    attachment #1: video (video/webm) ──────────────────────────────────────────────────────────────
    ..\..\test-results\smoke-basic-structure-Smok-4a4b2-uld-have-valid-footer-links-smoke\video.webm
    ────────────────────────────────────────────────────────────────────────────────────────────────
]]>
</failure>
<system-out>
<![CDATA[
[[ATTACHMENT|smoke-basic-structure-Smok-4a4b2-uld-have-valid-footer-links-smoke\video.webm]]
]]>
</system-out>
</testcase>
<testcase name="Smoke Tests - Basic Site Structure › should handle 404 pages correctly" classname="smoke\basic-structure.spec.ts" time="45.953">
<failure message="basic-structure.spec.ts:88:7 should handle 404 pages correctly" type="FAILURE">
<![CDATA[  [smoke] › smoke\basic-structure.spec.ts:88:7 › Smoke Tests - Basic Site Structure › should handle 404 pages correctly 

    Test timeout of 30000ms exceeded.

    Error: page.goto: net::ERR_ABORTED; maybe frame was detached?
    Call log:
      - navigating to "http://localhost:3000/non-existent-page", waiting until "load"


      87 |
      88 |   test('should handle 404 pages correctly', async ({ page }) => {
    > 89 |     const response = await page.goto('/non-existent-page');
         |                                 ^
      90 |     expect(response?.status()).toBe(404);
      91 |     
      92 |     // Проверяем, что отображается кастомная 404 страница
        at C:\Users\Viktor\projects\repair-blog\tests\e2e\smoke\basic-structure.spec.ts:89:33

    attachment #1: video (video/webm) ──────────────────────────────────────────────────────────────
    ..\..\test-results\smoke-basic-structure-Smok-9f93d--handle-404-pages-correctly-smoke\video.webm
    ────────────────────────────────────────────────────────────────────────────────────────────────
]]>
</failure>
<system-out>
<![CDATA[
[[ATTACHMENT|smoke-basic-structure-Smok-9f93d--handle-404-pages-correctly-smoke\video.webm]]
]]>
</system-out>
</testcase>
</testsuite>
<testsuite name="critical.spec.ts" timestamp="2025-11-26T12:11:41.906Z" hostname="critical" tests="3" failures="3" skipped="0" time="137.661" errors="0">
<testcase name="Critical Path Tests › should load homepage and navigate to all main sections" classname="critical.spec.ts" time="45.967">
<failure message="critical.spec.ts:4:7 should load homepage and navigate to all main sections" type="FAILURE">
<![CDATA[  [critical] › critical.spec.ts:4:7 › Critical Path Tests › should load homepage and navigate to all main sections 

    Test timeout of 30000ms exceeded.

    Error: page.goto: net::ERR_ABORTED; maybe frame was detached?
    Call log:
      - navigating to "http://localhost:3000/", waiting until "load"


      4 |   test('should load homepage and navigate to all main sections', async ({ page }) => {
      5 |     // Главная страница
    > 6 |     await page.goto('/');
        |                ^
      7 |     await expect(page).toHaveTitle(/Renohacks/);
      8 |     
      9 |     // Проверяем все основные ссылки
        at C:\Users\Viktor\projects\repair-blog\tests\e2e\critical.spec.ts:6:16

    attachment #1: video (video/webm) ──────────────────────────────────────────────────────────────
    ..\..\test-results\critical-Critical-Path-Tes-6a4d0-vigate-to-all-main-sections-critical\video.webm
    ────────────────────────────────────────────────────────────────────────────────────────────────
]]>
</failure>
<system-out>
<![CDATA[
[[ATTACHMENT|critical-Critical-Path-Tes-6a4d0-vigate-to-all-main-sections-critical\video.webm]]
]]>
</system-out>
</testcase>
<testcase name="Critical Path Tests › should test budget calculator functionality" classname="critical.spec.ts" time="45.846">
<failure message="critical.spec.ts:24:7 should test budget calculator functionality" type="FAILURE">
<![CDATA[  [critical] › critical.spec.ts:24:7 › Critical Path Tests › should test budget calculator functionality 

    Test timeout of 30000ms exceeded.

    Error: page.goto: net::ERR_ABORTED; maybe frame was detached?
    Call log:
      - navigating to "http://localhost:3000/calculators/budget", waiting until "load"


      23 |
      24 |   test('should test budget calculator functionality', async ({ page }) => {
    > 25 |     await page.goto('/calculators/budget');
         |                ^
      26 |     
      27 |     // Добавляем категорию
      28 |     await page.click('button:has-text("Добавить категорию")');
        at C:\Users\Viktor\projects\repair-blog\tests\e2e\critical.spec.ts:25:16

    attachment #1: video (video/webm) ──────────────────────────────────────────────────────────────
    ..\..\test-results\critical-Critical-Path-Tes-efadc-et-calculator-functionality-critical\video.webm
    ────────────────────────────────────────────────────────────────────────────────────────────────
]]>
</failure>
<system-out>
<![CDATA[
[[ATTACHMENT|critical-Critical-Path-Tes-efadc-et-calculator-functionality-critical\video.webm]]
]]>
</system-out>
</testcase>
<testcase name="Critical Path Tests › should test language switching" classname="critical.spec.ts" time="45.848">
<failure message="critical.spec.ts:39:7 should test language switching" type="FAILURE">
<![CDATA[  [critical] › critical.spec.ts:39:7 › Critical Path Tests › should test language switching ────────

    Test timeout of 30000ms exceeded.

    Error: page.goto: net::ERR_ABORTED; maybe frame was detached?
    Call log:
      - navigating to "http://localhost:3000/", waiting until "load"


      38 |
      39 |   test('should test language switching', async ({ page }) => {
    > 40 |     await page.goto('/');
         |                ^
      41 |     
      42 |     // Переключаем на английский
      43 |     await page.click('text=EN');
        at C:\Users\Viktor\projects\repair-blog\tests\e2e\critical.spec.ts:40:16

    attachment #1: video (video/webm) ──────────────────────────────────────────────────────────────
    ..\..\test-results\critical-Critical-Path-Tests-should-test-language-switching-critical\video.webm
    ────────────────────────────────────────────────────────────────────────────────────────────────
]]>
</failure>
<system-out>
<![CDATA[
[[ATTACHMENT|critical-Critical-Path-Tests-should-test-language-switching-critical\video.webm]]
]]>
</system-out>
</testcase>
</testsuite>
<testsuite name="critical.spec.ts" timestamp="2025-11-26T12:11:41.906Z" hostname="chromium" tests="3" failures="3" skipped="0" time="138.114" errors="0">
<testcase name="Critical Path Tests › should load homepage and navigate to all main sections" classname="critical.spec.ts" time="46.009">
<failure message="critical.spec.ts:4:7 should load homepage and navigate to all main sections" type="FAILURE">
<![CDATA[  [chromium] › critical.spec.ts:4:7 › Critical Path Tests › should load homepage and navigate to all main sections 

    Test timeout of 30000ms exceeded.

    Error: page.goto: net::ERR_ABORTED; maybe frame was detached?
    Call log:
      - navigating to "http://localhost:3000/", waiting until "load"


      4 |   test('should load homepage and navigate to all main sections', async ({ page }) => {
      5 |     // Главная страница
    > 6 |     await page.goto('/');
        |                ^
      7 |     await expect(page).toHaveTitle(/Renohacks/);
      8 |     
      9 |     // Проверяем все основные ссылки
        at C:\Users\Viktor\projects\repair-blog\tests\e2e\critical.spec.ts:6:16

    attachment #1: video (video/webm) ──────────────────────────────────────────────────────────────
    ..\..\test-results\critical-Critical-Path-Tes-6a4d0-vigate-to-all-main-sections-chromium\video.webm
    ────────────────────────────────────────────────────────────────────────────────────────────────
]]>
</failure>
<system-out>
<![CDATA[
[[ATTACHMENT|critical-Critical-Path-Tes-6a4d0-vigate-to-all-main-sections-chromium\video.webm]]
]]>
</system-out>
</testcase>
<testcase name="Critical Path Tests › should test budget calculator functionality" classname="critical.spec.ts" time="45.977">
<failure message="critical.spec.ts:24:7 should test budget calculator functionality" type="FAILURE">
<![CDATA[  [chromium] › critical.spec.ts:24:7 › Critical Path Tests › should test budget calculator functionality 

    Test timeout of 30000ms exceeded.

    Error: page.goto: net::ERR_ABORTED; maybe frame was detached?
    Call log:
      - navigating to "http://localhost:3000/calculators/budget", waiting until "load"


      23 |
      24 |   test('should test budget calculator functionality', async ({ page }) => {
    > 25 |     await page.goto('/calculators/budget');
         |                ^
      26 |     
      27 |     // Добавляем категорию
      28 |     await page.click('button:has-text("Добавить категорию")');
        at C:\Users\Viktor\projects\repair-blog\tests\e2e\critical.spec.ts:25:16

    attachment #1: video (video/webm) ──────────────────────────────────────────────────────────────
    ..\..\test-results\critical-Critical-Path-Tes-efadc-et-calculator-functionality-chromium\video.webm
    ────────────────────────────────────────────────────────────────────────────────────────────────
]]>
</failure>
<system-out>
<![CDATA[
[[ATTACHMENT|critical-Critical-Path-Tes-efadc-et-calculator-functionality-chromium\video.webm]]
]]>
</system-out>
</testcase>
<testcase name="Critical Path Tests › should test language switching" classname="critical.spec.ts" time="46.128">
<failure message="critical.spec.ts:39:7 should test language switching" type="FAILURE">
<![CDATA[  [chromium] › critical.spec.ts:39:7 › Critical Path Tests › should test language switching ────────

    Test timeout of 30000ms exceeded.

    Error: page.goto: net::ERR_ABORTED; maybe frame was detached?
    Call log:
      - navigating to "http://localhost:3000/", waiting until "load"


      38 |
      39 |   test('should test language switching', async ({ page }) => {
    > 40 |     await page.goto('/');
         |                ^
      41 |     
      42 |     // Переключаем на английский
      43 |     await page.click('text=EN');
        at C:\Users\Viktor\projects\repair-blog\tests\e2e\critical.spec.ts:40:16

    attachment #1: video (video/webm) ──────────────────────────────────────────────────────────────
    ..\..\test-results\critical-Critical-Path-Tests-should-test-language-switching-chromium\video.webm
    ────────────────────────────────────────────────────────────────────────────────────────────────
]]>
</failure>
<system-out>
<![CDATA[
[[ATTACHMENT|critical-Critical-Path-Tests-should-test-language-switching-chromium\video.webm]]
]]>
</system-out>
</testcase>
</testsuite>
<testsuite name="functional\calculators.spec.ts" timestamp="2025-11-26T12:11:41.906Z" hostname="chromium" tests="9" failures="9" skipped="0" time="414.178" errors="0">
<testcase name="Functional Tests - Calculators › Renovation Budget Planner (RU) › should add and remove categories correctly" classname="functional\calculators.spec.ts" time="46.219">
<failure message="calculators.spec.ts:5:9 should add and remove categories correctly" type="FAILURE">
<![CDATA[  [chromium] › functional\calculators.spec.ts:5:9 › Functional Tests - Calculators › Renovation Budget Planner (RU) › should add and remove categories correctly 

    Test timeout of 30000ms exceeded.

    Error: page.goto: net::ERR_ABORTED; maybe frame was detached?
    Call log:
      - navigating to "http://localhost:3000/calculators/budget", waiting until "load"


      4 |   test.describe('Renovation Budget Planner (RU)', () => {
      5 |     test('should add and remove categories correctly', async ({ page }) => {
    > 6 |       await page.goto('/calculators/budget');
        |                  ^
      7 |
      8 |       // Начально один элемент сметы
      9 |       const items = page.locator('[data-testid="expense-item"]');
        at C:\Users\Viktor\projects\repair-blog\tests\e2e\functional\calculators.spec.ts:6:18

    attachment #1: video (video/webm) ──────────────────────────────────────────────────────────────
    ..\..\test-results\functional-calculators-Fun-b6d57-remove-categories-correctly-chromium\video.webm
    ────────────────────────────────────────────────────────────────────────────────────────────────
]]>
</failure>
<system-out>
<![CDATA[
[[ATTACHMENT|functional-calculators-Fun-b6d57-remove-categories-correctly-chromium\video.webm]]
]]>
</system-out>
</testcase>
<testcase name="Functional Tests - Calculators › Renovation Budget Planner (RU) › should calculate total correctly with zero reserve" classname="functional\calculators.spec.ts" time="46.135">
<failure message="calculators.spec.ts:22:9 should calculate total correctly with zero reserve" type="FAILURE">
<![CDATA[  [chromium] › functional\calculators.spec.ts:22:9 › Functional Tests - Calculators › Renovation Budget Planner (RU) › should calculate total correctly with zero reserve 

    Test timeout of 30000ms exceeded.

    Error: page.goto: net::ERR_ABORTED; maybe frame was detached?
    Call log:
      - navigating to "http://localhost:3000/calculators/budget", waiting until "load"


      21 |
      22 |     test('should calculate total correctly with zero reserve', async ({ page }) => {
    > 23 |       await page.goto('/calculators/budget');
         |                  ^
      24 |
      25 |       // Ставим резерв 0%, чтобы итог = сумме
      26 |       await page.getByRole('spinbutton').nth(1).fill('0');
        at C:\Users\Viktor\projects\repair-blog\tests\e2e\functional\calculators.spec.ts:23:18

    attachment #1: video (video/webm) ──────────────────────────────────────────────────────────────
    ..\..\test-results\functional-calculators-Fun-f7d5e-correctly-with-zero-reserve-chromium\video.webm
    ────────────────────────────────────────────────────────────────────────────────────────────────
]]>
</failure>
<system-out>
<![CDATA[
[[ATTACHMENT|functional-calculators-Fun-f7d5e-correctly-with-zero-reserve-chromium\video.webm]]
]]>
</system-out>
</testcase>
<testcase name="Functional Tests - Calculators › Renovation Budget Planner (RU) › should handle reserve percentage correctly" classname="functional\calculators.spec.ts" time="46.252">
<failure message="calculators.spec.ts:47:9 should handle reserve percentage correctly" type="FAILURE">
<![CDATA[  [chromium] › functional\calculators.spec.ts:47:9 › Functional Tests - Calculators › Renovation Budget Planner (RU) › should handle reserve percentage correctly 

    Test timeout of 30000ms exceeded.

    Error: page.goto: net::ERR_ABORTED; maybe frame was detached?
    Call log:
      - navigating to "http://localhost:3000/calculators/budget", waiting until "load"


      46 |
      47 |     test('should handle reserve percentage correctly', async ({ page }) => {
    > 48 |       await page.goto('/calculators/budget');
         |                  ^
      49 |
      50 |       // Стоимость 100 000, резерв 10%
      51 |       await page.locator('input[placeholder*="Категория"]').first().fill('Потолок');
        at C:\Users\Viktor\projects\repair-blog\tests\e2e\functional\calculators.spec.ts:48:18

    attachment #1: video (video/webm) ──────────────────────────────────────────────────────────────
    ..\..\test-results\functional-calculators-Fun-ff5db-eserve-percentage-correctly-chromium\video.webm
    ────────────────────────────────────────────────────────────────────────────────────────────────
]]>
</failure>
<system-out>
<![CDATA[
[[ATTACHMENT|functional-calculators-Fun-ff5db-eserve-percentage-correctly-chromium\video.webm]]
]]>
</system-out>
</testcase>
<testcase name="Functional Tests - Calculators › Renovation Budget Planner (RU) › should treat negative cost as zero in calculation" classname="functional\calculators.spec.ts" time="45.896">
<failure message="calculators.spec.ts:61:9 should treat negative cost as zero in calculation" type="FAILURE">
<![CDATA[  [chromium] › functional\calculators.spec.ts:61:9 › Functional Tests - Calculators › Renovation Budget Planner (RU) › should treat negative cost as zero in calculation 

    Test timeout of 30000ms exceeded.

    Error: page.goto: net::ERR_ABORTED; maybe frame was detached?
    Call log:
      - navigating to "http://localhost:3000/calculators/budget", waiting until "load"


      60 |
      61 |     test('should treat negative cost as zero in calculation', async ({ page }) => {
    > 62 |       await page.goto('/calculators/budget');
         |                  ^
      63 |
      64 |       await page.locator('input[placeholder*="Категория"]').first().fill('Тест');
      65 |       await page.locator('input[placeholder="0"]').first().fill('-1000');
        at C:\Users\Viktor\projects\repair-blog\tests\e2e\functional\calculators.spec.ts:62:18

    attachment #1: video (video/webm) ──────────────────────────────────────────────────────────────
    ..\..\test-results\functional-calculators-Fun-f2ed9-cost-as-zero-in-calculation-chromium\video.webm
    ────────────────────────────────────────────────────────────────────────────────────────────────
]]>
</failure>
<system-out>
<![CDATA[
[[ATTACHMENT|functional-calculators-Fun-f2ed9-cost-as-zero-in-calculation-chromium\video.webm]]
]]>
</system-out>
</testcase>
<testcase name="Functional Tests - Calculators › Renovation Budget Planner (EN) › should calculate total correctly in English version with zero reserve" classname="functional\calculators.spec.ts" time="45.807">
<failure message="calculators.spec.ts:75:9 should calculate total correctly in English version with zero reserve" type="FAILURE">
<![CDATA[  [chromium] › functional\calculators.spec.ts:75:9 › Functional Tests - Calculators › Renovation Budget Planner (EN) › should calculate total correctly in English version with zero reserve 

    Test timeout of 30000ms exceeded.

    Error: page.goto: net::ERR_ABORTED; maybe frame was detached?
    Call log:
      - navigating to "http://localhost:3000/en/calculators/budget", waiting until "load"


      74 |   test.describe('Renovation Budget Planner (EN)', () => {
      75 |     test('should calculate total correctly in English version with zero reserve', async ({ page }) => {
    > 76 |       await page.goto('/en/calculators/budget');
         |                  ^
      77 |
      78 |       // Проверяем заголовок
      79 |       await expect(page.locator('h1')).toContainText('Renovation Budget Planner');
        at C:\Users\Viktor\projects\repair-blog\tests\e2e\functional\calculators.spec.ts:76:18

    attachment #1: video (video/webm) ──────────────────────────────────────────────────────────────
    ..\..\test-results\functional-calculators-Fun-5cd02-h-version-with-zero-reserve-chromium\video.webm
    ────────────────────────────────────────────────────────────────────────────────────────────────
]]>
</failure>
<system-out>
<![CDATA[
[[ATTACHMENT|functional-calculators-Fun-5cd02-h-version-with-zero-reserve-chromium\video.webm]]
]]>
</system-out>
</testcase>
<testcase name="Functional Tests - Calculators › Renovation Budget Planner (EN) › should switch to RU calculator from EN page" classname="functional\calculators.spec.ts" time="45.98">
<failure message="calculators.spec.ts:94:9 should switch to RU calculator from EN page" type="FAILURE">
<![CDATA[  [chromium] › functional\calculators.spec.ts:94:9 › Functional Tests - Calculators › Renovation Budget Planner (EN) › should switch to RU calculator from EN page 

    Test timeout of 30000ms exceeded.

    Error: page.goto: net::ERR_ABORTED; maybe frame was detached?
    Call log:
      - navigating to "http://localhost:3000/en/calculators/budget", waiting until "load"


      93 |
      94 |     test('should switch to RU calculator from EN page', async ({ page }) => {
    > 95 |       await page.goto('/en/calculators/budget');
         |                  ^
      96 |
      97 |       // Переключаемся на русский через переключатель языка
      98 |       await page.click('text=RU');
        at C:\Users\Viktor\projects\repair-blog\tests\e2e\functional\calculators.spec.ts:95:18

    attachment #1: video (video/webm) ──────────────────────────────────────────────────────────────
    ..\..\test-results\functional-calculators-Fun-43d31--RU-calculator-from-EN-page-chromium\video.webm
    ────────────────────────────────────────────────────────────────────────────────────────────────
]]>
</failure>
<system-out>
<![CDATA[
[[ATTACHMENT|functional-calculators-Fun-43d31--RU-calculator-from-EN-page-chromium\video.webm]]
]]>
</system-out>
</testcase>
<testcase name="Functional Tests - Calculators › Other Calculators › should load paint calculator" classname="functional\calculators.spec.ts" time="45.91">
<failure message="calculators.spec.ts:107:9 should load paint calculator" type="FAILURE">
<![CDATA[  [chromium] › functional\calculators.spec.ts:107:9 › Functional Tests - Calculators › Other Calculators › should load paint calculator 

    Test timeout of 30000ms exceeded.

    Error: page.goto: net::ERR_ABORTED; maybe frame was detached?
    Call log:
      - navigating to "http://localhost:3000/calculators/paint", waiting until "load"


      106 |   test.describe('Other Calculators', () => {
      107 |     test('should load paint calculator', async ({ page }) => {
    > 108 |       await page.goto('/calculators/paint');
          |                  ^
      109 |
      110 |       await expect(page.locator('h1')).toContainText('Калькулятор краски');
      111 |
        at C:\Users\Viktor\projects\repair-blog\tests\e2e\functional\calculators.spec.ts:108:18

    attachment #1: video (video/webm) ──────────────────────────────────────────────────────────────
    ..\..\test-results\functional-calculators-Fun-1bddd-hould-load-paint-calculator-chromium\video.webm
    ────────────────────────────────────────────────────────────────────────────────────────────────
]]>
</failure>
<system-out>
<![CDATA[
[[ATTACHMENT|functional-calculators-Fun-1bddd-hould-load-paint-calculator-chromium\video.webm]]
]]>
</system-out>
</testcase>
<testcase name="Functional Tests - Calculators › Other Calculators › should load tile calculator" classname="functional\calculators.spec.ts" time="45.937">
<failure message="calculators.spec.ts:117:9 should load tile calculator" type="FAILURE">
<![CDATA[  [chromium] › functional\calculators.spec.ts:117:9 › Functional Tests - Calculators › Other Calculators › should load tile calculator 

    Test timeout of 30000ms exceeded.

    Error: page.goto: net::ERR_ABORTED; maybe frame was detached?
    Call log:
      - navigating to "http://localhost:3000/calculators/tile", waiting until "load"


      116 |
      117 |     test('should load tile calculator', async ({ page }) => {
    > 118 |       await page.goto('/calculators/tile');
          |                  ^
      119 |
      120 |       await expect(page.locator('h1')).toContainText('Калькулятор плитки');
      121 |
        at C:\Users\Viktor\projects\repair-blog\tests\e2e\functional\calculators.spec.ts:118:18

    attachment #1: video (video/webm) ──────────────────────────────────────────────────────────────
    ..\..\test-results\functional-calculators-Fun-9c16c-should-load-tile-calculator-chromium\video.webm
    ────────────────────────────────────────────────────────────────────────────────────────────────
]]>
</failure>
<system-out>
<![CDATA[
[[ATTACHMENT|functional-calculators-Fun-9c16c-should-load-tile-calculator-chromium\video.webm]]
]]>
</system-out>
</testcase>
<testcase name="Functional Tests - Calculators › Other Calculators › should load wallpaper calculator" classname="functional\calculators.spec.ts" time="46.042">
<failure message="calculators.spec.ts:127:9 should load wallpaper calculator" type="FAILURE">
<![CDATA[  [chromium] › functional\calculators.spec.ts:127:9 › Functional Tests - Calculators › Other Calculators › should load wallpaper calculator 

    Test timeout of 30000ms exceeded.

    Error: page.goto: net::ERR_ABORTED; maybe frame was detached?
    Call log:
      - navigating to "http://localhost:3000/calculators/wallpaper", waiting until "load"


      126 |
      127 |     test('should load wallpaper calculator', async ({ page }) => {
    > 128 |       await page.goto('/calculators/wallpaper');
          |                  ^
      129 |
      130 |       await expect(page.locator('h1')).toContainText('Калькулятор обоев');
      131 |
        at C:\Users\Viktor\projects\repair-blog\tests\e2e\functional\calculators.spec.ts:128:18

    attachment #1: video (video/webm) ──────────────────────────────────────────────────────────────
    ..\..\test-results\functional-calculators-Fun-b6a57-d-load-wallpaper-calculator-chromium\video.webm
    ────────────────────────────────────────────────────────────────────────────────────────────────
]]>
</failure>
<system-out>
<![CDATA[
[[ATTACHMENT|functional-calculators-Fun-b6a57-d-load-wallpaper-calculator-chromium\video.webm]]
]]>
</system-out>
</testcase>
</testsuite>
<testsuite name="i18n\language-switching.spec.ts" timestamp="2025-11-26T12:11:41.906Z" hostname="chromium" tests="6" failures="6" skipped="0" time="276.87" errors="0">
<testcase name="Internationalization (i18n) Tests › should switch between Russian and English correctly" classname="i18n\language-switching.spec.ts" time="46.075">
<failure message="language-switching.spec.ts:4:7 should switch between Russian and English correctly" type="FAILURE">
<![CDATA[  [chromium] › i18n\language-switching.spec.ts:4:7 › Internationalization (i18n) Tests › should switch between Russian and English correctly 

    Test timeout of 30000ms exceeded.

    Error: page.goto: net::ERR_ABORTED; maybe frame was detached?
    Call log:
      - navigating to "http://localhost:3000/", waiting until "load"


      4 |   test('should switch between Russian and English correctly', async ({ page }) => {
      5 |     // Начинаем с русской версии
    > 6 |     await page.goto('/');
        |                ^
      7 |     await expect(page).toHaveURL(/\/$/);
      8 |     
      9 |     // Проверяем русский контент
        at C:\Users\Viktor\projects\repair-blog\tests\e2e\i18n\language-switching.spec.ts:6:16

    attachment #1: video (video/webm) ──────────────────────────────────────────────────────────────
    ..\..\test-results\i18n-language-switching-In-f146a-ssian-and-English-correctly-chromium\video.webm
    ────────────────────────────────────────────────────────────────────────────────────────────────
]]>
</failure>
<system-out>
<![CDATA[
[[ATTACHMENT|i18n-language-switching-In-f146a-ssian-and-English-correctly-chromium\video.webm]]
]]>
</system-out>
</testcase>
<testcase name="Internationalization (i18n) Tests › should have correct hreflang attributes" classname="i18n\language-switching.spec.ts" time="46.061">
<failure message="language-switching.spec.ts:24:7 should have correct hreflang attributes" type="FAILURE">
<![CDATA[  [chromium] › i18n\language-switching.spec.ts:24:7 › Internationalization (i18n) Tests › should have correct hreflang attributes 

    Test timeout of 30000ms exceeded.

    Error: page.goto: net::ERR_ABORTED; maybe frame was detached?
    Call log:
      - navigating to "http://localhost:3000/", waiting until "load"


      23 |
      24 |   test('should have correct hreflang attributes', async ({ page }) => {
    > 25 |     await page.goto('/');
         |                ^
      26 |     
      27 |     // Проверяем hreflang для русской версии
      28 |     const hreflangRu = page.locator('link[hreflang="ru"]');
        at C:\Users\Viktor\projects\repair-blog\tests\e2e\i18n\language-switching.spec.ts:25:16

    attachment #1: video (video/webm) ──────────────────────────────────────────────────────────────
    ..\..\test-results\i18n-language-switching-In-650c3-correct-hreflang-attributes-chromium\video.webm
    ────────────────────────────────────────────────────────────────────────────────────────────────
]]>
</failure>
<system-out>
<![CDATA[
[[ATTACHMENT|i18n-language-switching-In-650c3-correct-hreflang-attributes-chromium\video.webm]]
]]>
</system-out>
</testcase>
<testcase name="Internationalization (i18n) Tests › should have localized meta titles and descriptions" classname="i18n\language-switching.spec.ts" time="46.015">
<failure message="language-switching.spec.ts:39:7 should have localized meta titles and descriptions" type="FAILURE">
<![CDATA[  [chromium] › i18n\language-switching.spec.ts:39:7 › Internationalization (i18n) Tests › should have localized meta titles and descriptions 

    Test timeout of 30000ms exceeded.

    Error: page.goto: net::ERR_ABORTED; maybe frame was detached?
    Call log:
      - navigating to "http://localhost:3000/", waiting until "load"


      39 |   test('should have localized meta titles and descriptions', async ({ page }) => {
      40 |     // Русская версия
    > 41 |     await page.goto('/');
         |                ^
      42 |     const ruTitle = await page.title();
      43 |     const ruDescription = await page.locator('meta[name="description"]').getAttribute('content');
      44 |     
        at C:\Users\Viktor\projects\repair-blog\tests\e2e\i18n\language-switching.spec.ts:41:16

    attachment #1: video (video/webm) ──────────────────────────────────────────────────────────────
    ..\..\test-results\i18n-language-switching-In-d90f5-eta-titles-and-descriptions-chromium\video.webm
    ────────────────────────────────────────────────────────────────────────────────────────────────
]]>
</failure>
<system-out>
<![CDATA[
[[ATTACHMENT|i18n-language-switching-In-d90f5-eta-titles-and-descriptions-chromium\video.webm]]
]]>
</system-out>
</testcase>
<testcase name="Internationalization (i18n) Tests › should have mirror pages with same structure" classname="i18n\language-switching.spec.ts" time="46.129">
<failure message="language-switching.spec.ts:57:7 should have mirror pages with same structure" type="FAILURE">
<![CDATA[  [chromium] › i18n\language-switching.spec.ts:57:7 › Internationalization (i18n) Tests › should have mirror pages with same structure 

    Test timeout of 30000ms exceeded.

    Error: page.goto: net::ERR_ABORTED; maybe frame was detached?
    Call log:
      - navigating to "http://localhost:3000/", waiting until "load"


      65 |     for (const pages of mirrorPages) {
      66 |       // Проверяем русскую версию
    > 67 |       await page.goto(pages.ru);
         |                  ^
      68 |       const ruH1 = await page.locator('h1').first().textContent();
      69 |       const ruNav = await page.locator('nav').count();
      70 |       
        at C:\Users\Viktor\projects\repair-blog\tests\e2e\i18n\language-switching.spec.ts:67:18

    attachment #1: video (video/webm) ──────────────────────────────────────────────────────────────
    ..\..\test-results\i18n-language-switching-In-5bf6c-r-pages-with-same-structure-chromium\video.webm
    ────────────────────────────────────────────────────────────────────────────────────────────────
]]>
</failure>
<system-out>
<![CDATA[
[[ATTACHMENT|i18n-language-switching-In-5bf6c-r-pages-with-same-structure-chromium\video.webm]]
]]>
</system-out>
</testcase>
<testcase name="Internationalization (i18n) Tests › should handle language switching on tag pages" classname="i18n\language-switching.spec.ts" time="46.189">
<failure message="language-switching.spec.ts:84:7 should handle language switching on tag pages" type="FAILURE">
<![CDATA[  [chromium] › i18n\language-switching.spec.ts:84:7 › Internationalization (i18n) Tests › should handle language switching on tag pages 

    Test timeout of 30000ms exceeded.

    Error: page.goto: net::ERR_ABORTED; maybe frame was detached?
    Call log:
      - navigating to "http://localhost:3000/tags/%D0%BA%D1%83%D1%85%D0%BD%D1%8F", waiting until "load"


      84 |   test('should handle language switching on tag pages', async ({ page }) => {
      85 |     // Тестируем переключение на странице тегов
    > 86 |     await page.goto('/tags/кухня');
         |                ^
      87 |     await expect(page).toHaveURL(/\/tags\/кухня/);
      88 |     
      89 |     // Переключаем на английский
        at C:\Users\Viktor\projects\repair-blog\tests\e2e\i18n\language-switching.spec.ts:86:16

    attachment #1: video (video/webm) ──────────────────────────────────────────────────────────────
    ..\..\test-results\i18n-language-switching-In-1af7a-uage-switching-on-tag-pages-chromium\video.webm
    ────────────────────────────────────────────────────────────────────────────────────────────────
]]>
</failure>
<system-out>
<![CDATA[
[[ATTACHMENT|i18n-language-switching-In-1af7a-uage-switching-on-tag-pages-chromium\video.webm]]
]]>
</system-out>
</testcase>
<testcase name="Internationalization (i18n) Tests › should preserve language preference in URL" classname="i18n\language-switching.spec.ts" time="46.401">
<failure message="language-switching.spec.ts:97:7 should preserve language preference in URL" type="FAILURE">
<![CDATA[  [chromium] › i18n\language-switching.spec.ts:97:7 › Internationalization (i18n) Tests › should preserve language preference in URL 

    Test timeout of 30000ms exceeded.

    Error: page.goto: net::ERR_ABORTED; maybe frame was detached?
    Call log:
      - navigating to "http://localhost:3000/en/calculators/budget", waiting until "load"


       97 |   test('should preserve language preference in URL', async ({ page }) => {
       98 |     // Переходим на английскую версию калькулятора
    >  99 |     await page.goto('/en/calculators/budget');
          |                ^
      100 |     await expect(page).toHaveURL(/\/en\/calculators\/budget/);
      101 |     
      102 |     // Проверяем, что все ссылки остаются в английской версии
        at C:\Users\Viktor\projects\repair-blog\tests\e2e\i18n\language-switching.spec.ts:99:16

    attachment #1: video (video/webm) ──────────────────────────────────────────────────────────────
    ..\..\test-results\i18n-language-switching-In-660d1--language-preference-in-URL-chromium\video.webm
    ────────────────────────────────────────────────────────────────────────────────────────────────
]]>
</failure>
<system-out>
<![CDATA[
[[ATTACHMENT|i18n-language-switching-In-660d1--language-preference-in-URL-chromium\video.webm]]
]]>
</system-out>
</testcase>
</testsuite>
<testsuite name="navigation\routing.spec.ts" timestamp="2025-11-26T12:11:41.906Z" hostname="chromium" tests="6" failures="6" skipped="0" time="275.155" errors="0">
<testcase name="Navigation and Routing Tests › should have all navigation links working" classname="navigation\routing.spec.ts" time="45.701">
<failure message="routing.spec.ts:4:7 should have all navigation links working" type="FAILURE">
<![CDATA[  [chromium] › navigation\routing.spec.ts:4:7 › Navigation and Routing Tests › should have all navigation links working 

    Test timeout of 30000ms exceeded.

    Error: page.goto: net::ERR_ABORTED; maybe frame was detached?
    Call log:
      - navigating to "http://localhost:3000/", waiting until "load"


      3 | test.describe('Navigation and Routing Tests', () => {
      4 |   test('should have all navigation links working', async ({ page }) => {
    > 5 |     await page.goto('/');
        |                ^
      6 |     
      7 |     // Получаем все ссылки из навигации
      8 |     const navLinks = page.locator('nav a, header a');
        at C:\Users\Viktor\projects\repair-blog\tests\e2e\navigation\routing.spec.ts:5:16

    attachment #1: video (video/webm) ──────────────────────────────────────────────────────────────
    ..\..\test-results\navigation-routing-Navigat-f51c2-ll-navigation-links-working-chromium\video.webm
    ────────────────────────────────────────────────────────────────────────────────────────────────
]]>
</failure>
<system-out>
<![CDATA[
[[ATTACHMENT|navigation-routing-Navigat-f51c2-ll-navigation-links-working-chromium\video.webm]]
]]>
</system-out>
</testcase>
<testcase name="Navigation and Routing Tests › should handle deep links correctly" classname="navigation\routing.spec.ts" time="45.787">
<failure message="routing.spec.ts:31:7 should handle deep links correctly" type="FAILURE">
<![CDATA[  [chromium] › navigation\routing.spec.ts:31:7 › Navigation and Routing Tests › should handle deep links correctly 

    Test timeout of 30000ms exceeded.

    Error: page.goto: net::ERR_ABORTED; maybe frame was detached?
    Call log:
      - navigating to "http://localhost:3000/", waiting until "load"


      30 |
      31 |   test('should handle deep links correctly', async ({ page }) => {
    > 32 |     await page.goto('/');
         |                ^
      33 |     
      34 |     // Ищем кнопки DeepLink
      35 |     const deepLinks = page.locator('[data-deep-link]');
        at C:\Users\Viktor\projects\repair-blog\tests\e2e\navigation\routing.spec.ts:32:16

    attachment #1: video (video/webm) ──────────────────────────────────────────────────────────────
    ..\..\test-results\navigation-routing-Navigat-06fcf-handle-deep-links-correctly-chromium\video.webm
    ────────────────────────────────────────────────────────────────────────────────────────────────
]]>
</failure>
<system-out>
<![CDATA[
[[ATTACHMENT|navigation-routing-Navigat-06fcf-handle-deep-links-correctly-chromium\video.webm]]
]]>
</system-out>
</testcase>
<testcase name="Navigation and Routing Tests › should have working breadcrumbs and home button" classname="navigation\routing.spec.ts" time="45.961">
<failure message="routing.spec.ts:48:7 should have working breadcrumbs and home button" type="FAILURE">
<![CDATA[  [chromium] › navigation\routing.spec.ts:48:7 › Navigation and Routing Tests › should have working breadcrumbs and home button 

    Test timeout of 30000ms exceeded.

    Error: page.goto: net::ERR_ABORTED; maybe frame was detached?
    Call log:
      - navigating to "http://localhost:3000/calculators/budget", waiting until "load"


      48 |   test('should have working breadcrumbs and home button', async ({ page }) => {
      49 |     // Переходим на любую внутреннюю страницу
    > 50 |     await page.goto('/calculators/budget');
         |                ^
      51 |     
      52 |     // Ищем кнопку "Home" или логотип
      53 |     const homeButton = page.locator('a[href="/"], a[href="/en"]').first();
        at C:\Users\Viktor\projects\repair-blog\tests\e2e\navigation\routing.spec.ts:50:16

    attachment #1: video (video/webm) ──────────────────────────────────────────────────────────────
    ..\..\test-results\navigation-routing-Navigat-47a56-breadcrumbs-and-home-button-chromium\video.webm
    ────────────────────────────────────────────────────────────────────────────────────────────────
]]>
</failure>
<system-out>
<![CDATA[
[[ATTACHMENT|navigation-routing-Navigat-47a56-breadcrumbs-and-home-button-chromium\video.webm]]
]]>
</system-out>
</testcase>
<testcase name="Navigation and Routing Tests › should handle 404 pages gracefully" classname="navigation\routing.spec.ts" time="45.946">
<failure message="routing.spec.ts:61:7 should handle 404 pages gracefully" type="FAILURE">
<![CDATA[  [chromium] › navigation\routing.spec.ts:61:7 › Navigation and Routing Tests › should handle 404 pages gracefully 

    Test timeout of 30000ms exceeded.

    Error: page.goto: net::ERR_ABORTED; maybe frame was detached?
    Call log:
      - navigating to "http://localhost:3000/non-existent-page", waiting until "load"


      68 |
      69 |     for (const url of nonExistentUrls) {
    > 70 |       const response = await page.goto(url);
         |                                   ^
      71 |       expect(response?.status()).toBe(404);
      72 |       
      73 |       // Проверяем, что отображается кастомная 404 страница
        at C:\Users\Viktor\projects\repair-blog\tests\e2e\navigation\routing.spec.ts:70:35

    attachment #1: video (video/webm) ──────────────────────────────────────────────────────────────
    ..\..\test-results\navigation-routing-Navigat-5478d-handle-404-pages-gracefully-chromium\video.webm
    ────────────────────────────────────────────────────────────────────────────────────────────────
]]>
</failure>
<system-out>
<![CDATA[
[[ATTACHMENT|navigation-routing-Navigat-5478d-handle-404-pages-gracefully-chromium\video.webm]]
]]>
</system-out>
</testcase>
<testcase name="Navigation and Routing Tests › should have consistent navigation across pages" classname="navigation\routing.spec.ts" time="46.46">
<failure message="routing.spec.ts:82:7 should have consistent navigation across pages" type="FAILURE">
<![CDATA[  [chromium] › navigation\routing.spec.ts:82:7 › Navigation and Routing Tests › should have consistent navigation across pages 

    Test timeout of 30000ms exceeded.

    Error: page.goto: net::ERR_ABORTED; maybe frame was detached?
    Call log:
      - navigating to "http://localhost:3000/", waiting until "load"


      86 |     
      87 |     for (const testPage of testPages) {
    > 88 |       await page.goto(testPage);
         |                  ^
      89 |       
      90 |       // Получаем структуру навигации
      91 |       const nav = page.locator('nav').first();
        at C:\Users\Viktor\projects\repair-blog\tests\e2e\navigation\routing.spec.ts:88:18

    attachment #1: video (video/webm) ──────────────────────────────────────────────────────────────
    ..\..\test-results\navigation-routing-Navigat-606f2-ent-navigation-across-pages-chromium\video.webm
    ────────────────────────────────────────────────────────────────────────────────────────────────
]]>
</failure>
<system-out>
<![CDATA[
[[ATTACHMENT|navigation-routing-Navigat-606f2-ent-navigation-across-pages-chromium\video.webm]]
]]>
</system-out>
</testcase>
<testcase name="Navigation and Routing Tests › should handle mobile navigation menu" classname="navigation\routing.spec.ts" time="45.3">
<failure message="routing.spec.ts:103:7 should handle mobile navigation menu" type="FAILURE">
<![CDATA[  [chromium] › navigation\routing.spec.ts:103:7 › Navigation and Routing Tests › should handle mobile navigation menu 

    Test timeout of 30000ms exceeded.

    Error: page.goto: net::ERR_ABORTED; maybe frame was detached?
    Call log:
      - navigating to "http://localhost:3000/", waiting until "load"


      104 |     // Устанавливаем мобильный размер экрана
      105 |     await page.setViewportSize({ width: 375, height: 667 });
    > 106 |     await page.goto('/');
          |                ^
      107 |     
      108 |     // Ищем кнопку мобильного меню
      109 |     const mobileMenuButton = page.locator('[aria-label*="меню"], [aria-label*="menu"], button[aria-expanded]').first();
        at C:\Users\Viktor\projects\repair-blog\tests\e2e\navigation\routing.spec.ts:106:16

    attachment #1: video (video/webm) ──────────────────────────────────────────────────────────────
    ..\..\test-results\navigation-routing-Navigat-646ff-ndle-mobile-navigation-menu-chromium\video.webm
    ────────────────────────────────────────────────────────────────────────────────────────────────
]]>
</failure>
<system-out>
<![CDATA[
[[ATTACHMENT|navigation-routing-Navigat-646ff-ndle-mobile-navigation-menu-chromium\video.webm]]
]]>
</system-out>
</testcase>
</testsuite>
<testsuite name="performance\lighthouse.spec.ts" timestamp="2025-11-26T12:11:41.906Z" hostname="chromium" tests="10" failures="10" skipped="0" time="461.553" errors="0">
<testcase name="Performance and Accessibility Tests › Lighthouse Performance › should have good Lighthouse scores" classname="performance\lighthouse.spec.ts" time="46.581">
<failure message="lighthouse.spec.ts:5:9 should have good Lighthouse scores" type="FAILURE">
<![CDATA[  [chromium] › performance\lighthouse.spec.ts:5:9 › Performance and Accessibility Tests › Lighthouse Performance › should have good Lighthouse scores 

    Test timeout of 30000ms exceeded.

    Error: page.goto: net::ERR_ABORTED; maybe frame was detached?
    Call log:
      - navigating to "http://localhost:3000/", waiting until "load"


      4 |   test.describe('Lighthouse Performance', () => {
      5 |     test('should have good Lighthouse scores', async ({ page }) => {
    > 6 |       await page.goto('/');
        |                  ^
      7 |       
      8 |       // Запускаем Lighthouse
      9 |       const lighthouse = await page.evaluate<{
        at C:\Users\Viktor\projects\repair-blog\tests\e2e\performance\lighthouse.spec.ts:6:18

    attachment #1: video (video/webm) ──────────────────────────────────────────────────────────────
    ..\..\test-results\performance-lighthouse-Per-246d4-have-good-Lighthouse-scores-chromium\video.webm
    ────────────────────────────────────────────────────────────────────────────────────────────────
]]>
</failure>
<system-out>
<![CDATA[
[[ATTACHMENT|performance-lighthouse-Per-246d4-have-good-Lighthouse-scores-chromium\video.webm]]
]]>
</system-out>
</testcase>
<testcase name="Performance and Accessibility Tests › Image Optimization › should use next/image for all images" classname="performance\lighthouse.spec.ts" time="46.525">
<failure message="lighthouse.spec.ts:45:9 should use next/image for all images" type="FAILURE">
<![CDATA[  [chromium] › performance\lighthouse.spec.ts:45:9 › Performance and Accessibility Tests › Image Optimization › should use next/image for all images 

    Test timeout of 30000ms exceeded.

    Error: page.goto: net::ERR_ABORTED; maybe frame was detached?
    Call log:
      - navigating to "http://localhost:3000/", waiting until "load"


      44 |   test.describe('Image Optimization', () => {
      45 |     test('should use next/image for all images', async ({ page }) => {
    > 46 |       await page.goto('/');
         |                  ^
      47 |       
      48 |       // Проверяем, что все изображения используют next/image
      49 |       const images = page.locator('img');
        at C:\Users\Viktor\projects\repair-blog\tests\e2e\performance\lighthouse.spec.ts:46:18

    attachment #1: video (video/webm) ──────────────────────────────────────────────────────────────
    ..\..\test-results\performance-lighthouse-Per-df68e-e-next-image-for-all-images-chromium\video.webm
    ────────────────────────────────────────────────────────────────────────────────────────────────
]]>
</failure>
<system-out>
<![CDATA[
[[ATTACHMENT|performance-lighthouse-Per-df68e-e-next-image-for-all-images-chromium\video.webm]]
]]>
</system-out>
</testcase>
<testcase name="Performance and Accessibility Tests › Image Optimization › should have proper image loading attributes" classname="performance\lighthouse.spec.ts" time="45.854">
<failure message="lighthouse.spec.ts:67:9 should have proper image loading attributes" type="FAILURE">
<![CDATA[  [chromium] › performance\lighthouse.spec.ts:67:9 › Performance and Accessibility Tests › Image Optimization › should have proper image loading attributes 

    Test timeout of 30000ms exceeded.

    Error: page.goto: net::ERR_ABORTED; maybe frame was detached?
    Call log:
      - navigating to "http://localhost:3000/posts/remont-vannoy", waiting until "load"


      66 |
      67 |     test('should have proper image loading attributes', async ({ page }) => {
    > 68 |       await page.goto('/posts/remont-vannoy');
         |                  ^
      69 |       
      70 |       // Проверяем изображения в статье
      71 |       const articleImages = page.locator('article img, main img');
        at C:\Users\Viktor\projects\repair-blog\tests\e2e\performance\lighthouse.spec.ts:68:18

    attachment #1: video (video/webm) ──────────────────────────────────────────────────────────────
    ..\..\test-results\performance-lighthouse-Per-5c85d-er-image-loading-attributes-chromium\video.webm
    ────────────────────────────────────────────────────────────────────────────────────────────────
]]>
</failure>
<system-out>
<![CDATA[
[[ATTACHMENT|performance-lighthouse-Per-5c85d-er-image-loading-attributes-chromium\video.webm]]
]]>
</system-out>
</testcase>
<testcase name="Performance and Accessibility Tests › Accessibility (A11y) › should have proper color contrast" classname="performance\lighthouse.spec.ts" time="46.062">
<failure message="lighthouse.spec.ts:93:9 should have proper color contrast" type="FAILURE">
<![CDATA[  [chromium] › performance\lighthouse.spec.ts:93:9 › Performance and Accessibility Tests › Accessibility (A11y) › should have proper color contrast 

    Test timeout of 30000ms exceeded.

    Error: page.goto: net::ERR_ABORTED; maybe frame was detached?
    Call log:
      - navigating to "http://localhost:3000/", waiting until "load"


      92 |   test.describe('Accessibility (A11y)', () => {
      93 |     test('should have proper color contrast', async ({ page }) => {
    > 94 |       await page.goto('/');
         |                  ^
      95 |       
      96 |       // Проверяем основные текстовые элементы
      97 |       const textElements = page.locator('h1, h2, h3, p, a');
        at C:\Users\Viktor\projects\repair-blog\tests\e2e\performance\lighthouse.spec.ts:94:18

    attachment #1: video (video/webm) ──────────────────────────────────────────────────────────────
    ..\..\test-results\performance-lighthouse-Per-fbaab--have-proper-color-contrast-chromium\video.webm
    ────────────────────────────────────────────────────────────────────────────────────────────────
]]>
</failure>
<system-out>
<![CDATA[
[[ATTACHMENT|performance-lighthouse-Per-fbaab--have-proper-color-contrast-chromium\video.webm]]
]]>
</system-out>
</testcase>
<testcase name="Performance and Accessibility Tests › Accessibility (A11y) › should have proper focus management" classname="performance\lighthouse.spec.ts" time="46.272">
<failure message="lighthouse.spec.ts:116:9 should have proper focus management" type="FAILURE">
<![CDATA[  [chromium] › performance\lighthouse.spec.ts:116:9 › Performance and Accessibility Tests › Accessibility (A11y) › should have proper focus management 

    Test timeout of 30000ms exceeded.

    Error: page.goto: net::ERR_ABORTED; maybe frame was detached?
    Call log:
      - navigating to "http://localhost:3000/", waiting until "load"


      115 |
      116 |     test('should have proper focus management', async ({ page }) => {
    > 117 |       await page.goto('/');
          |                  ^
      118 |       
      119 |       // Проверяем фокус на навигационных элементах
      120 |       const navLinks = page.locator('nav a, header a');
        at C:\Users\Viktor\projects\repair-blog\tests\e2e\performance\lighthouse.spec.ts:117:18

    attachment #1: video (video/webm) ──────────────────────────────────────────────────────────────
    ..\..\test-results\performance-lighthouse-Per-a1cee-ave-proper-focus-management-chromium\video.webm
    ────────────────────────────────────────────────────────────────────────────────────────────────
]]>
</failure>
<system-out>
<![CDATA[
[[ATTACHMENT|performance-lighthouse-Per-a1cee-ave-proper-focus-management-chromium\video.webm]]
]]>
</system-out>
</testcase>
<testcase name="Performance and Accessibility Tests › Accessibility (A11y) › should have proper ARIA labels" classname="performance\lighthouse.spec.ts" time="46.257">
<failure message="lighthouse.spec.ts:143:9 should have proper ARIA labels" type="FAILURE">
<![CDATA[  [chromium] › performance\lighthouse.spec.ts:143:9 › Performance and Accessibility Tests › Accessibility (A11y) › should have proper ARIA labels 

    Test timeout of 30000ms exceeded.

    Error: page.goto: net::ERR_ABORTED; maybe frame was detached?
    Call log:
      - navigating to "http://localhost:3000/", waiting until "load"


      142 |
      143 |     test('should have proper ARIA labels', async ({ page }) => {
    > 144 |       await page.goto('/');
          |                  ^
      145 |       
      146 |       // Проверяем кнопки с aria-label
      147 |       const buttonsWithAria = page.locator('button[aria-label]');
        at C:\Users\Viktor\projects\repair-blog\tests\e2e\performance\lighthouse.spec.ts:144:18

    attachment #1: video (video/webm) ──────────────────────────────────────────────────────────────
    ..\..\test-results\performance-lighthouse-Per-abfb9-uld-have-proper-ARIA-labels-chromium\video.webm
    ────────────────────────────────────────────────────────────────────────────────────────────────
]]>
</failure>
<system-out>
<![CDATA[
[[ATTACHMENT|performance-lighthouse-Per-abfb9-uld-have-proper-ARIA-labels-chromium\video.webm]]
]]>
</system-out>
</testcase>
<testcase name="Performance and Accessibility Tests › Accessibility (A11y) › should have proper heading hierarchy" classname="performance\lighthouse.spec.ts" time="45.845">
<failure message="lighthouse.spec.ts:159:9 should have proper heading hierarchy" type="FAILURE">
<![CDATA[  [chromium] › performance\lighthouse.spec.ts:159:9 › Performance and Accessibility Tests › Accessibility (A11y) › should have proper heading hierarchy 

    Test timeout of 30000ms exceeded.

    Error: page.goto: net::ERR_ABORTED; maybe frame was detached?
    Call log:
      - navigating to "http://localhost:3000/posts/remont-vannoy", waiting until "load"


      158 |
      159 |     test('should have proper heading hierarchy', async ({ page }) => {
    > 160 |       await page.goto('/posts/remont-vannoy');
          |                  ^
      161 |       
      162 |       // Проверяем структуру заголовков
      163 |       const h1 = page.locator('h1');
        at C:\Users\Viktor\projects\repair-blog\tests\e2e\performance\lighthouse.spec.ts:160:18

    attachment #1: video (video/webm) ──────────────────────────────────────────────────────────────
    ..\..\test-results\performance-lighthouse-Per-a1349-ve-proper-heading-hierarchy-chromium\video.webm
    ────────────────────────────────────────────────────────────────────────────────────────────────
]]>
</failure>
<system-out>
<![CDATA[
[[ATTACHMENT|performance-lighthouse-Per-a1349-ve-proper-heading-hierarchy-chromium\video.webm]]
]]>
</system-out>
</testcase>
<testcase name="Performance and Accessibility Tests › Accessibility (A11y) › should have proper form labels" classname="performance\lighthouse.spec.ts" time="45.941">
<failure message="lighthouse.spec.ts:179:9 should have proper form labels" type="FAILURE">
<![CDATA[  [chromium] › performance\lighthouse.spec.ts:179:9 › Performance and Accessibility Tests › Accessibility (A11y) › should have proper form labels 

    Test timeout of 30000ms exceeded.

    Error: page.goto: net::ERR_ABORTED; maybe frame was detached?
    Call log:
      - navigating to "http://localhost:3000/calculators/budget", waiting until "load"


      178 |
      179 |     test('should have proper form labels', async ({ page }) => {
    > 180 |       await page.goto('/calculators/budget');
          |                  ^
      181 |       
      182 |       // Проверяем поля ввода
      183 |       const inputs = page.locator('input');
        at C:\Users\Viktor\projects\repair-blog\tests\e2e\performance\lighthouse.spec.ts:180:18

    attachment #1: video (video/webm) ──────────────────────────────────────────────────────────────
    ..\..\test-results\performance-lighthouse-Per-da580-uld-have-proper-form-labels-chromium\video.webm
    ────────────────────────────────────────────────────────────────────────────────────────────────
]]>
</failure>
<system-out>
<![CDATA[
[[ATTACHMENT|performance-lighthouse-Per-da580-uld-have-proper-form-labels-chromium\video.webm]]
]]>
</system-out>
</testcase>
<testcase name="Performance and Accessibility Tests › Performance Metrics › should load critical resources quickly" classname="performance\lighthouse.spec.ts" time="46.175">
<failure message="lighthouse.spec.ts:206:9 should load critical resources quickly" type="FAILURE">
<![CDATA[  [chromium] › performance\lighthouse.spec.ts:206:9 › Performance and Accessibility Tests › Performance Metrics › should load critical resources quickly 

    Test timeout of 30000ms exceeded.

    Error: page.goto: net::ERR_ABORTED; maybe frame was detached?
    Call log:
      - navigating to "http://localhost:3000/", waiting until "load"


      207 |       const startTime = Date.now();
      208 |       
    > 209 |       await page.goto('/');
          |                  ^
      210 |       
      211 |       // Ждем загрузки критических ресурсов
      212 |       await page.waitForLoadState('networkidle');
        at C:\Users\Viktor\projects\repair-blog\tests\e2e\performance\lighthouse.spec.ts:209:18

    attachment #1: video (video/webm) ──────────────────────────────────────────────────────────────
    ..\..\test-results\performance-lighthouse-Per-497ec--critical-resources-quickly-chromium\video.webm
    ────────────────────────────────────────────────────────────────────────────────────────────────
]]>
</failure>
<system-out>
<![CDATA[
[[ATTACHMENT|performance-lighthouse-Per-497ec--critical-resources-quickly-chromium\video.webm]]
]]>
</system-out>
</testcase>
<testcase name="Performance and Accessibility Tests › Performance Metrics › should have efficient bundle size" classname="performance\lighthouse.spec.ts" time="46.041">
<failure message="lighthouse.spec.ts:224:9 should have efficient bundle size" type="FAILURE">
<![CDATA[  [chromium] › performance\lighthouse.spec.ts:224:9 › Performance and Accessibility Tests › Performance Metrics › should have efficient bundle size 

    Test timeout of 30000ms exceeded.

    Error: page.goto: net::ERR_ABORTED; maybe frame was detached?
    Call log:
      - navigating to "http://localhost:3000/", waiting until "load"


      223 |
      224 |     test('should have efficient bundle size', async ({ page }) => {
    > 225 |       await page.goto('/');
          |                  ^
      226 |       
      227 |       // Проверяем количество загруженных скриптов
      228 |       const scripts = page.locator('script[src]');
        at C:\Users\Viktor\projects\repair-blog\tests\e2e\performance\lighthouse.spec.ts:225:18

    attachment #1: video (video/webm) ──────────────────────────────────────────────────────────────
    ..\..\test-results\performance-lighthouse-Per-1a2d9--have-efficient-bundle-size-chromium\video.webm
    ────────────────────────────────────────────────────────────────────────────────────────────────
]]>
</failure>
<system-out>
<![CDATA[
[[ATTACHMENT|performance-lighthouse-Per-1a2d9--have-efficient-bundle-size-chromium\video.webm]]
]]>
</system-out>
</testcase>
</testsuite>
<testsuite name="regression.spec.ts" timestamp="2025-11-26T12:11:41.906Z" hostname="chromium" tests="16" failures="16" skipped="0" time="685.484" errors="0">
<testcase name="All Buttons and Forms › should test all navigation buttons" classname="regression.spec.ts" time="45.404">
<failure message="regression.spec.ts:4:7 should test all navigation buttons" type="FAILURE">
<![CDATA[  [chromium] › regression.spec.ts:4:7 › All Buttons and Forms › should test all navigation buttons ─

    Test timeout of 30000ms exceeded.

    Error: page.goto: net::ERR_ABORTED; maybe frame was detached?
    Call log:
      - navigating to "http://localhost:3000/", waiting until "load"


      3 | test.describe('All Buttons and Forms', () => {
      4 |   test('should test all navigation buttons', async ({ page }) => {
    > 5 |     await page.goto('/');
        |                ^
      6 |     
      7 |     // Проверяем все кнопки навигации
      8 |     const navButtons = [
        at C:\Users\Viktor\projects\repair-blog\tests\e2e\regression.spec.ts:5:16

    attachment #1: video (video/webm) ──────────────────────────────────────────────────────────────
    ..\..\test-results\regression-All-Buttons-and-c4656-test-all-navigation-buttons-chromium\video.webm
    ────────────────────────────────────────────────────────────────────────────────────────────────
]]>
</failure>
<system-out>
<![CDATA[
[[ATTACHMENT|regression-All-Buttons-and-c4656-test-all-navigation-buttons-chromium\video.webm]]
]]>
</system-out>
</testcase>
<testcase name="All Buttons and Forms › should test all calculator buttons" classname="regression.spec.ts" time="45.825">
<failure message="regression.spec.ts:23:7 should test all calculator buttons" type="FAILURE">
<![CDATA[  [chromium] › regression.spec.ts:23:7 › All Buttons and Forms › should test all calculator buttons 

    Test timeout of 30000ms exceeded.

    Error: page.goto: net::ERR_ABORTED; maybe frame was detached?
    Call log:
      - navigating to "http://localhost:3000/calculators/budget", waiting until "load"


      22 |
      23 |   test('should test all calculator buttons', async ({ page }) => {
    > 24 |     await page.goto('/calculators/budget');
         |                ^
      25 |     
      26 |     // Проверяем все кнопки калькулятора
      27 |     const calculatorButtons = [
        at C:\Users\Viktor\projects\repair-blog\tests\e2e\regression.spec.ts:24:16

    attachment #1: video (video/webm) ──────────────────────────────────────────────────────────────
    ..\..\test-results\regression-All-Buttons-and-12484-test-all-calculator-buttons-chromium\video.webm
    ────────────────────────────────────────────────────────────────────────────────────────────────
]]>
</failure>
<system-out>
<![CDATA[
[[ATTACHMENT|regression-All-Buttons-and-12484-test-all-calculator-buttons-chromium\video.webm]]
]]>
</system-out>
</testcase>
<testcase name="All Buttons and Forms › should test all form inputs" classname="regression.spec.ts" time="45.883">
<failure message="regression.spec.ts:46:7 should test all form inputs" type="FAILURE">
<![CDATA[  [chromium] › regression.spec.ts:46:7 › All Buttons and Forms › should test all form inputs ───────

    Test timeout of 30000ms exceeded.

    Error: page.goto: net::ERR_ABORTED; maybe frame was detached?
    Call log:
      - navigating to "http://localhost:3000/calculators/budget", waiting until "load"


      45 |
      46 |   test('should test all form inputs', async ({ page }) => {
    > 47 |     await page.goto('/calculators/budget');
         |                ^
      48 |     
      49 |     // Добавляем несколько категорий
      50 |     await page.click('button:has-text("Добавить категорию")');
        at C:\Users\Viktor\projects\repair-blog\tests\e2e\regression.spec.ts:47:16

    attachment #1: video (video/webm) ──────────────────────────────────────────────────────────────
    ..\..\test-results\regression-All-Buttons-and-Forms-should-test-all-form-inputs-chromium\video.webm
    ────────────────────────────────────────────────────────────────────────────────────────────────
]]>
</failure>
<system-out>
<![CDATA[
[[ATTACHMENT|regression-All-Buttons-and-Forms-should-test-all-form-inputs-chromium\video.webm]]
]]>
</system-out>
</testcase>
<testcase name="All Buttons and Forms › should test all dropdowns and selects" classname="regression.spec.ts" time="45.922">
<failure message="regression.spec.ts:67:7 should test all dropdowns and selects" type="FAILURE">
<![CDATA[  [chromium] › regression.spec.ts:67:7 › All Buttons and Forms › should test all dropdowns and selects 

    Test timeout of 30000ms exceeded.

    Error: page.goto: net::ERR_ABORTED; maybe frame was detached?
    Call log:
      - navigating to "http://localhost:3000/calculators/budget", waiting until "load"


      66 |
      67 |   test('should test all dropdowns and selects', async ({ page }) => {
    > 68 |     await page.goto('/calculators/budget');
         |                ^
      69 |     
      70 |     // Проверяем все селекты
      71 |     const selects = page.locator('select');
        at C:\Users\Viktor\projects\repair-blog\tests\e2e\regression.spec.ts:68:16

    attachment #1: video (video/webm) ──────────────────────────────────────────────────────────────
    ..\..\test-results\regression-All-Buttons-and-7daef-t-all-dropdowns-and-selects-chromium\video.webm
    ────────────────────────────────────────────────────────────────────────────────────────────────
]]>
</failure>
<system-out>
<![CDATA[
[...]
<![CDATA[  [mobile] › ui\responsiveness.spec.ts:13:11 › UI and Responsiveness Tests › Responsive Layout › should display correctly on Mobile 

    Test timeout of 30000ms exceeded.

    Error: page.goto: Test timeout of 30000ms exceeded.
    Call log:
      - navigating to "http://localhost:3000/", waiting until "load"


      13 |       test(`should display correctly on ${viewport.name}`, async ({ page }) => {
      14 |         await page.setViewportSize({ width: viewport.width, height: viewport.height });
    > 15 |         await page.goto('/');
         |                    ^
      16 |         
      17 |         // Проверяем, что основные элементы видны
      18 |         await expect(page.locator('h1')).toBeVisible();
        at C:\Users\Viktor\projects\repair-blog\tests\e2e\ui\responsiveness.spec.ts:15:20

    attachment #1: video (video/webm) ──────────────────────────────────────────────────────────────
    ..\..\test-results\ui-responsiveness-UI-and-R-2cd74-display-correctly-on-Mobile-mobile\video.webm
    ────────────────────────────────────────────────────────────────────────────────────────────────

    Error Context: ..\..\test-results\ui-responsiveness-UI-and-R-2cd74-display-correctly-on-Mobile-mobile\error-context.md
]]>
</failure>
<system-out>
<![CDATA[
[[ATTACHMENT|ui-responsiveness-UI-and-R-2cd74-display-correctly-on-Mobile-mobile\video.webm]]

[[ATTACHMENT|ui-responsiveness-UI-and-R-2cd74-display-correctly-on-Mobile-mobile\error-context.md]]
]]>
</system-out>
</testcase>
<testcase name="UI and Responsiveness Tests › Responsive Layout › should display correctly on Tablet" classname="ui\responsiveness.spec.ts" time="35.316">
<failure message="responsiveness.spec.ts:13:11 should display correctly on Tablet" type="FAILURE">
<![CDATA[  [mobile] › ui\responsiveness.spec.ts:13:11 › UI and Responsiveness Tests › Responsive Layout › should display correctly on Tablet 

    Test timeout of 30000ms exceeded.

    Error: page.goto: Test timeout of 30000ms exceeded.
    Call log:
      - navigating to "http://localhost:3000/", waiting until "load"


      13 |       test(`should display correctly on ${viewport.name}`, async ({ page }) => {
      14 |         await page.setViewportSize({ width: viewport.width, height: viewport.height });
    > 15 |         await page.goto('/');
         |                    ^
      16 |         
      17 |         // Проверяем, что основные элементы видны
      18 |         await expect(page.locator('h1')).toBeVisible();
        at C:\Users\Viktor\projects\repair-blog\tests\e2e\ui\responsiveness.spec.ts:15:20

    attachment #1: video (video/webm) ──────────────────────────────────────────────────────────────
    ..\..\test-results\ui-responsiveness-UI-and-R-3e328-display-correctly-on-Tablet-mobile\video.webm
    ────────────────────────────────────────────────────────────────────────────────────────────────

    Error Context: ..\..\test-results\ui-responsiveness-UI-and-R-3e328-display-correctly-on-Tablet-mobile\error-context.md
]]>
</failure>
<system-out>
<![CDATA[
[[ATTACHMENT|ui-responsiveness-UI-and-R-3e328-display-correctly-on-Tablet-mobile\video.webm]]

[[ATTACHMENT|ui-responsiveness-UI-and-R-3e328-display-correctly-on-Tablet-mobile\error-context.md]]
]]>
</system-out>
</testcase>
<testcase name="UI and Responsiveness Tests › Responsive Layout › should display correctly on Desktop" classname="ui\responsiveness.spec.ts" time="35.27">
<failure message="responsiveness.spec.ts:13:11 should display correctly on Desktop" type="FAILURE">
<![CDATA[  [mobile] › ui\responsiveness.spec.ts:13:11 › UI and Responsiveness Tests › Responsive Layout › should display correctly on Desktop 

    Test timeout of 30000ms exceeded.

    Error: page.goto: Test timeout of 30000ms exceeded.
    Call log:
      - navigating to "http://localhost:3000/", waiting until "load"


      13 |       test(`should display correctly on ${viewport.name}`, async ({ page }) => {
      14 |         await page.setViewportSize({ width: viewport.width, height: viewport.height });
    > 15 |         await page.goto('/');
         |                    ^
      16 |         
      17 |         // Проверяем, что основные элементы видны
      18 |         await expect(page.locator('h1')).toBeVisible();
        at C:\Users\Viktor\projects\repair-blog\tests\e2e\ui\responsiveness.spec.ts:15:20

    attachment #1: video (video/webm) ──────────────────────────────────────────────────────────────
    ..\..\test-results\ui-responsiveness-UI-and-R-205be-isplay-correctly-on-Desktop-mobile\video.webm
    ────────────────────────────────────────────────────────────────────────────────────────────────

    Error Context: ..\..\test-results\ui-responsiveness-UI-and-R-205be-isplay-correctly-on-Desktop-mobile\error-context.md
]]>
</failure>
<system-out>
<![CDATA[
[[ATTACHMENT|ui-responsiveness-UI-and-R-205be-isplay-correctly-on-Desktop-mobile\video.webm]]

[[ATTACHMENT|ui-responsiveness-UI-and-R-205be-isplay-correctly-on-Desktop-mobile\error-context.md]]
]]>
</system-out>
</testcase>
<testcase name="UI and Responsiveness Tests › Responsive Layout › should display correctly on Large Desktop" classname="ui\responsiveness.spec.ts" time="35.298">
<failure message="responsiveness.spec.ts:13:11 should display correctly on Large Desktop" type="FAILURE">
<![CDATA[  [mobile] › ui\responsiveness.spec.ts:13:11 › UI and Responsiveness Tests › Responsive Layout › should display correctly on Large Desktop 

    Test timeout of 30000ms exceeded.

    Error: page.goto: Test timeout of 30000ms exceeded.
    Call log:
      - navigating to "http://localhost:3000/", waiting until "load"


      13 |       test(`should display correctly on ${viewport.name}`, async ({ page }) => {
      14 |         await page.setViewportSize({ width: viewport.width, height: viewport.height });
    > 15 |         await page.goto('/');
         |                    ^
      16 |         
      17 |         // Проверяем, что основные элементы видны
      18 |         await expect(page.locator('h1')).toBeVisible();
        at C:\Users\Viktor\projects\repair-blog\tests\e2e\ui\responsiveness.spec.ts:15:20

    attachment #1: video (video/webm) ──────────────────────────────────────────────────────────────
    ..\..\test-results\ui-responsiveness-UI-and-R-8995e--correctly-on-Large-Desktop-mobile\video.webm
    ────────────────────────────────────────────────────────────────────────────────────────────────

    Error Context: ..\..\test-results\ui-responsiveness-UI-and-R-8995e--correctly-on-Large-Desktop-mobile\error-context.md
]]>
</failure>
<system-out>
<![CDATA[
[[ATTACHMENT|ui-responsiveness-UI-and-R-8995e--correctly-on-Large-Desktop-mobile\video.webm]]

[[ATTACHMENT|ui-responsiveness-UI-and-R-8995e--correctly-on-Large-Desktop-mobile\error-context.md]]
]]>
</system-out>
</testcase>
<testcase name="UI and Responsiveness Tests › Theme Switcher › should switch themes correctly" classname="ui\responsiveness.spec.ts" time="35.271">
<failure message="responsiveness.spec.ts:34:9 should switch themes correctly" type="FAILURE">
<![CDATA[  [mobile] › ui\responsiveness.spec.ts:34:9 › UI and Responsiveness Tests › Theme Switcher › should switch themes correctly 

    Test timeout of 30000ms exceeded.

    Error: page.goto: Test timeout of 30000ms exceeded.
    Call log:
      - navigating to "http://localhost:3000/", waiting until "load"


      33 |   test.describe('Theme Switcher', () => {
      34 |     test('should switch themes correctly', async ({ page }) => {
    > 35 |       await page.goto('/');
         |                  ^
      36 |       
      37 |       // Проверяем начальную тему
      38 |       const html = page.locator('html');
        at C:\Users\Viktor\projects\repair-blog\tests\e2e\ui\responsiveness.spec.ts:35:18

    attachment #1: video (video/webm) ──────────────────────────────────────────────────────────────
    ..\..\test-results\ui-responsiveness-UI-and-R-f4d86-uld-switch-themes-correctly-mobile\video.webm
    ────────────────────────────────────────────────────────────────────────────────────────────────

    Error Context: ..\..\test-results\ui-responsiveness-UI-and-R-f4d86-uld-switch-themes-correctly-mobile\error-context.md
]]>
</failure>
<system-out>
<![CDATA[
[[ATTACHMENT|ui-responsiveness-UI-and-R-f4d86-uld-switch-themes-correctly-mobile\video.webm]]

[[ATTACHMENT|ui-responsiveness-UI-and-R-f4d86-uld-switch-themes-correctly-mobile\error-context.md]]
]]>
</system-out>
</testcase>
<testcase name="UI and Responsiveness Tests › Theme Switcher › should have all theme options" classname="ui\responsiveness.spec.ts" time="35.416">
<failure message="responsiveness.spec.ts:54:9 should have all theme options" type="FAILURE">
<![CDATA[  [mobile] › ui\responsiveness.spec.ts:54:9 › UI and Responsiveness Tests › Theme Switcher › should have all theme options 

    Test timeout of 30000ms exceeded.

    Error: page.goto: Test timeout of 30000ms exceeded.
    Call log:
      - navigating to "http://localhost:3000/", waiting until "load"


      53 |
      54 |     test('should have all theme options', async ({ page }) => {
    > 55 |       await page.goto('/');
         |                  ^
      56 |       
      57 |       // Открываем переключатель тем
      58 |       await page.click('[aria-label*="тему"], [aria-label*="theme"]');
        at C:\Users\Viktor\projects\repair-blog\tests\e2e\ui\responsiveness.spec.ts:55:18

    attachment #1: video (video/webm) ──────────────────────────────────────────────────────────────
    ..\..\test-results\ui-responsiveness-UI-and-R-b43b1-ould-have-all-theme-options-mobile\video.webm
    ────────────────────────────────────────────────────────────────────────────────────────────────

    Error Context: ..\..\test-results\ui-responsiveness-UI-and-R-b43b1-ould-have-all-theme-options-mobile\error-context.md
]]>
</failure>
<system-out>
<![CDATA[
[[ATTACHMENT|ui-responsiveness-UI-and-R-b43b1-ould-have-all-theme-options-mobile\video.webm]]

[[ATTACHMENT|ui-responsiveness-UI-and-R-b43b1-ould-have-all-theme-options-mobile\error-context.md]]
]]>
</system-out>
</testcase>
<testcase name="UI and Responsiveness Tests › Mobile Navigation › should have working mobile menu" classname="ui\responsiveness.spec.ts" time="35.266">
<failure message="responsiveness.spec.ts:71:9 should have working mobile menu" type="FAILURE">
<![CDATA[  [mobile] › ui\responsiveness.spec.ts:71:9 › UI and Responsiveness Tests › Mobile Navigation › should have working mobile menu 

    Test timeout of 30000ms exceeded.

    Error: page.goto: Test timeout of 30000ms exceeded.
    Call log:
      - navigating to "http://localhost:3000/", waiting until "load"


      71 |     test('should have working mobile menu', async ({ page }) => {
      72 |       await page.setViewportSize({ width: 375, height: 667 });
    > 73 |       await page.goto('/');
         |                  ^
      74 |       
      75 |       // Ищем кнопку мобильного меню
      76 |       const mobileMenuButton = page.locator('[aria-label*="меню"], [aria-label*="menu"]').first();
        at C:\Users\Viktor\projects\repair-blog\tests\e2e\ui\responsiveness.spec.ts:73:18

    attachment #1: video (video/webm) ──────────────────────────────────────────────────────────────
    ..\..\test-results\ui-responsiveness-UI-and-R-678fe-ld-have-working-mobile-menu-mobile\video.webm
    ────────────────────────────────────────────────────────────────────────────────────────────────

    Error Context: ..\..\test-results\ui-responsiveness-UI-and-R-678fe-ld-have-working-mobile-menu-mobile\error-context.md
]]>
</failure>
<system-out>
<![CDATA[
[[ATTACHMENT|ui-responsiveness-UI-and-R-678fe-ld-have-working-mobile-menu-mobile\video.webm]]

[[ATTACHMENT|ui-responsiveness-UI-and-R-678fe-ld-have-working-mobile-menu-mobile\error-context.md]]
]]>
</system-out>
</testcase>
<testcase name="UI and Responsiveness Tests › Interactive Elements › should have working hover effects" classname="ui\responsiveness.spec.ts" time="35.183">
<failure message="responsiveness.spec.ts:102:9 should have working hover effects" type="FAILURE">
<![CDATA[  [mobile] › ui\responsiveness.spec.ts:102:9 › UI and Responsiveness Tests › Interactive Elements › should have working hover effects 

    Test timeout of 30000ms exceeded.

    Error: page.goto: Test timeout of 30000ms exceeded.
    Call log:
      - navigating to "http://localhost:3000/", waiting until "load"


      101 |   test.describe('Interactive Elements', () => {
      102 |     test('should have working hover effects', async ({ page }) => {
    > 103 |       await page.goto('/');
          |                  ^
      104 |       
      105 |       // Проверяем hover эффекты на ссылках
      106 |       const links = page.locator('a').first();
        at C:\Users\Viktor\projects\repair-blog\tests\e2e\ui\responsiveness.spec.ts:103:18

    attachment #1: video (video/webm) ──────────────────────────────────────────────────────────────
    ..\..\test-results\ui-responsiveness-UI-and-R-b9ca3--have-working-hover-effects-mobile\video.webm
    ────────────────────────────────────────────────────────────────────────────────────────────────

    Error Context: ..\..\test-results\ui-responsiveness-UI-and-R-b9ca3--have-working-hover-effects-mobile\error-context.md
]]>
</failure>
<system-out>
<![CDATA[
[[ATTACHMENT|ui-responsiveness-UI-and-R-b9ca3--have-working-hover-effects-mobile\video.webm]]

[[ATTACHMENT|ui-responsiveness-UI-and-R-b9ca3--have-working-hover-effects-mobile\error-context.md]]
]]>
</system-out>
</testcase>
<testcase name="UI and Responsiveness Tests › Interactive Elements › should have visible SVG icons" classname="ui\responsiveness.spec.ts" time="35.178">
<failure message="responsiveness.spec.ts:113:9 should have visible SVG icons" type="FAILURE">
<![CDATA[  [mobile] › ui\responsiveness.spec.ts:113:9 › UI and Responsiveness Tests › Interactive Elements › should have visible SVG icons 

    Test timeout of 30000ms exceeded.

    Error: page.goto: Test timeout of 30000ms exceeded.
    Call log:
      - navigating to "http://localhost:3000/", waiting until "load"


      112 |
      113 |     test('should have visible SVG icons', async ({ page }) => {
    > 114 |       await page.goto('/');
          |                  ^
      115 |       
      116 |       // Проверяем SVG иконки
      117 |       const svgIcons = page.locator('svg');
        at C:\Users\Viktor\projects\repair-blog\tests\e2e\ui\responsiveness.spec.ts:114:18

    attachment #1: video (video/webm) ──────────────────────────────────────────────────────────────
    ..\..\test-results\ui-responsiveness-UI-and-R-a5e10-ould-have-visible-SVG-icons-mobile\video.webm
    ────────────────────────────────────────────────────────────────────────────────────────────────

    Error Context: ..\..\test-results\ui-responsiveness-UI-and-R-a5e10-ould-have-visible-SVG-icons-mobile\error-context.md
]]>
</failure>
<system-out>
<![CDATA[
[[ATTACHMENT|ui-responsiveness-UI-and-R-a5e10-ould-have-visible-SVG-icons-mobile\video.webm]]

[[ATTACHMENT|ui-responsiveness-UI-and-R-a5e10-ould-have-visible-SVG-icons-mobile\error-context.md]]
]]>
</system-out>
</testcase>
<testcase name="UI and Responsiveness Tests › Interactive Elements › should have proper focus indicators" classname="ui\responsiveness.spec.ts" time="35.118">
<failure message="responsiveness.spec.ts:132:9 should have proper focus indicators" type="FAILURE">
<![CDATA[  [mobile] › ui\responsiveness.spec.ts:132:9 › UI and Responsiveness Tests › Interactive Elements › should have proper focus indicators 

    Test timeout of 30000ms exceeded.

    Error: expect(locator).toBeFocused() failed

    Locator:  locator('a').first()
    Expected: focused
    Received: undefined

    Call log:
      - Expect "toBeFocused" with timeout 5000ms
      - waiting for locator('a').first()


      138 |       
      139 |       // Проверяем, что элемент получил фокус
    > 140 |       await expect(firstLink).toBeFocused();
          |                               ^
      141 |     });
      142 |   });
      143 |
        at C:\Users\Viktor\projects\repair-blog\tests\e2e\ui\responsiveness.spec.ts:140:31

    attachment #1: screenshot (image/png) ──────────────────────────────────────────────────────────
    ..\..\test-results\ui-responsiveness-UI-and-R-c31b3-ave-proper-focus-indicators-mobile\test-failed-1.png
    ────────────────────────────────────────────────────────────────────────────────────────────────

    attachment #2: video (video/webm) ──────────────────────────────────────────────────────────────
    ..\..\test-results\ui-responsiveness-UI-and-R-c31b3-ave-proper-focus-indicators-mobile\video.webm
    ────────────────────────────────────────────────────────────────────────────────────────────────

    Error Context: ..\..\test-results\ui-responsiveness-UI-and-R-c31b3-ave-proper-focus-indicators-mobile\error-context.md
]]>
</failure>
<system-out>
<![CDATA[
[[ATTACHMENT|ui-responsiveness-UI-and-R-c31b3-ave-proper-focus-indicators-mobile\test-failed-1.png]]

[[ATTACHMENT|ui-responsiveness-UI-and-R-c31b3-ave-proper-focus-indicators-mobile\video.webm]]

[[ATTACHMENT|ui-responsiveness-UI-and-R-c31b3-ave-proper-focus-indicators-mobile\error-context.md]]
]]>
</system-out>
</testcase>
<testcase name="UI and Responsiveness Tests › Content Layout › should have proper content spacing" classname="ui\responsiveness.spec.ts" time="18.161">
<failure message="responsiveness.spec.ts:145:9 should have proper content spacing" type="FAILURE">
<![CDATA[  [mobile] › ui\responsiveness.spec.ts:145:9 › UI and Responsiveness Tests › Content Layout › should have proper content spacing 

    Error: locator.boundingBox: Error: strict mode violation: locator('main, article') resolved to 2 elements:
        1) <main class="w-full py-8">…</main> aka getByRole('main')
        2) <article class="container px-4 sm:px-6 py-8 sm:py-12">…</article> aka getByRole('article')

    Call log:
      - waiting for locator('main, article')


      148 |       // Проверяем, что контент не прилипает к краям
      149 |       const content = page.locator('main, article');
    > 150 |       const contentBox = await content.boundingBox();
          |                                        ^
      151 |       
      152 |       if (contentBox) {
      153 |         expect(contentBox.x).toBeGreaterThan(0);
        at C:\Users\Viktor\projects\repair-blog\tests\e2e\ui\responsiveness.spec.ts:150:40

    attachment #1: screenshot (image/png) ──────────────────────────────────────────────────────────
    ..\..\test-results\ui-responsiveness-UI-and-R-e8ae8-have-proper-content-spacing-mobile\test-failed-1.png
    ────────────────────────────────────────────────────────────────────────────────────────────────

    attachment #2: video (video/webm) ──────────────────────────────────────────────────────────────
    ..\..\test-results\ui-responsiveness-UI-and-R-e8ae8-have-proper-content-spacing-mobile\video.webm
    ────────────────────────────────────────────────────────────────────────────────────────────────

    Error Context: ..\..\test-results\ui-responsiveness-UI-and-R-e8ae8-have-proper-content-spacing-mobile\error-context.md
]]>
</failure>
<system-out>
<![CDATA[
[[ATTACHMENT|ui-responsiveness-UI-and-R-e8ae8-have-proper-content-spacing-mobile\test-failed-1.png]]

[[ATTACHMENT|ui-responsiveness-UI-and-R-e8ae8-have-proper-content-spacing-mobile\video.webm]]

[[ATTACHMENT|ui-responsiveness-UI-and-R-e8ae8-have-proper-content-spacing-mobile\error-context.md]]
]]>
</system-out>
</testcase>
<testcase name="UI and Responsiveness Tests › Content Layout › should have readable typography" classname="ui\responsiveness.spec.ts" time="17.392">
</testcase>
<testcase name="UI and Responsiveness Tests › New Badge › should show new badge for recent articles" classname="ui\responsiveness.spec.ts" time="26.349">
</testcase>
</testsuite>
</testsuites>